<?xml version="1.0" encoding="UTF-8"?>
<!-- Generated by org.testng.reporters.JUnitXMLReporter -->
<testsuite ignored="0" hostname="mbadvel-ltm7z9x.internal.salesforce.com" failures="0" tests="0" name="Surefire test" time="0.025" errors="0" timestamp="2025-08-14T16:08:29 PDT">
  <testcase classname="io.cucumber.testng.AbstractTestNGCucumberTests" name="@BeforeClass setUpClass" time="0.017">
    <failure type="io.cucumber.core.exception.CucumberException" message="Failed to parse &amp;apos;cucumber.filter.tags&amp;apos; with value &amp;apos;@Dynamic content and navigation&amp;apos;">
      <![CDATA[io.cucumber.core.exception.CucumberException: Failed to parse 'cucumber.filter.tags' with value '@Dynamic content and navigation'
at io.cucumber.core.options.CucumberPropertiesParser.parseAll(CucumberPropertiesParser.java:167)
at io.cucumber.core.options.CucumberPropertiesParser.parse(CucumberPropertiesParser.java:152)
at io.cucumber.core.options.CucumberPropertiesParser.parse(CucumberPropertiesParser.java:81)
at io.cucumber.core.options.CucumberPropertiesParser.parse(CucumberPropertiesParser.java:42)
at io.cucumber.testng.TestNGCucumberRunner.<init>(TestNGCucumberRunner.java:97)
at io.cucumber.testng.AbstractTestNGCucumberTests.setUpClass(AbstractTestNGCucumberTests.java:27)
at java.base/java.util.ArrayList.forEach(ArrayList.java:1511)
Caused by: io.cucumber.tagexpressions.TagExpressionException: Tag expression "@Dynamic content and navigation" could not be parsed because of syntax error: Expected operator.
at io.cucumber.tagexpressions.TagExpressionParser.check(TagExpressionParser.java:127)
at io.cucumber.tagexpressions.TagExpressionParser.parse(TagExpressionParser.java:76)
at io.cucumber.tagexpressions.TagExpressionParser.parse(TagExpressionParser.java:29)
at java.base/java.util.function.Function.lambda$andThen$1(Function.java:88)
at io.cucumber.core.options.CucumberPropertiesParser.parseAll(CucumberPropertiesParser.java:164)
... 36 more
... Removed 30 stack frames]]>
    </failure>
  </testcase> <!-- @BeforeClass setUpClass -->
</testsuite> <!-- Surefire test -->
